-------------------------------------------------------------------------------
Test set: com.ussd.app.demo.DemoApplicationTests
-------------------------------------------------------------------------------
Tests run: 1, Failures: 0, Errors: 1, Skipped: 0, Time elapsed: 9.206 s <<< FAILURE! - in com.ussd.app.demo.DemoApplicationTests
contextLoads  Time elapsed: 0.012 s  <<< ERROR!
java.lang.IllegalStateException: Failed to load ApplicationContext
Caused by: org.springframework.beans.factory.UnsatisfiedDependencyException: Error creating bean with name 'ussdControler' defined in file [C:\Users\User\Downloads\ussd\demo\target\classes\com\ussd\app\demo\controller\ussdControler.class]: Unsatisfied dependency expressed through constructor parameter 0; nested exception is org.springframework.beans.factory.NoSuchBeanDefinitionException: No qualifying bean of type 'com.ussd.app.demo.Service.impl.SessionServiceImpl' available: expected at least 1 bean which qualifies as autowire candidate. Dependency annotations: {}
Caused by: org.springframework.beans.factory.NoSuchBeanDefinitionException: No qualifying bean of type 'com.ussd.app.demo.Service.impl.SessionServiceImpl' available: expected at least 1 bean which qualifies as autowire candidate. Dependency annotations: {}

